Started GET "/" for 127.0.0.1 at 2018-02-06 17:55:48 -0600
Processing by Rails::WelcomeController#index as HTML
  Rendering /var/lib/gems/2.3.0/gems/railties-5.1.4/lib/rails/templates/rails/welcome/index.html.erb
  Rendered /var/lib/gems/2.3.0/gems/railties-5.1.4/lib/rails/templates/rails/welcome/index.html.erb (2.6ms)
Completed 200 OK in 272ms (Views: 9.7ms)


Started GET "/" for 127.0.0.1 at 2018-02-07 01:12:44 -0600
Processing by Rails::WelcomeController#index as HTML
  Rendering /var/lib/gems/2.3.0/gems/railties-5.1.4/lib/rails/templates/rails/welcome/index.html.erb
  Rendered /var/lib/gems/2.3.0/gems/railties-5.1.4/lib/rails/templates/rails/welcome/index.html.erb (2.2ms)
Completed 200 OK in 96ms (Views: 4.0ms)


Started GET "/" for 127.0.0.1 at 2018-02-07 01:12:49 -0600
Processing by Rails::WelcomeController#index as HTML
  Rendering /var/lib/gems/2.3.0/gems/railties-5.1.4/lib/rails/templates/rails/welcome/index.html.erb
  Rendered /var/lib/gems/2.3.0/gems/railties-5.1.4/lib/rails/templates/rails/welcome/index.html.erb (6.3ms)
Completed 200 OK in 9ms (Views: 7.6ms)


Started GET "/new" for 127.0.0.1 at 2018-02-07 01:12:53 -0600
  
ActionController::RoutingError (No route matches [GET] "/new"):
  
actionpack (5.1.4) lib/action_dispatch/middleware/debug_exceptions.rb:63:in `call'
web-console (3.5.1) lib/web_console/middleware.rb:135:in `call_app'
web-console (3.5.1) lib/web_console/middleware.rb:28:in `block in call'
web-console (3.5.1) lib/web_console/middleware.rb:18:in `catch'
web-console (3.5.1) lib/web_console/middleware.rb:18:in `call'
actionpack (5.1.4) lib/action_dispatch/middleware/show_exceptions.rb:31:in `call'
railties (5.1.4) lib/rails/rack/logger.rb:36:in `call_app'
railties (5.1.4) lib/rails/rack/logger.rb:24:in `block in call'
activesupport (5.1.4) lib/active_support/tagged_logging.rb:69:in `block in tagged'
activesupport (5.1.4) lib/active_support/tagged_logging.rb:26:in `tagged'
activesupport (5.1.4) lib/active_support/tagged_logging.rb:69:in `tagged'
railties (5.1.4) lib/rails/rack/logger.rb:24:in `call'
sprockets-rails (3.2.1) lib/sprockets/rails/quiet_assets.rb:13:in `call'
actionpack (5.1.4) lib/action_dispatch/middleware/remote_ip.rb:79:in `call'
actionpack (5.1.4) lib/action_dispatch/middleware/request_id.rb:25:in `call'
rack (2.0.3) lib/rack/method_override.rb:22:in `call'
rack (2.0.3) lib/rack/runtime.rb:22:in `call'
activesupport (5.1.4) lib/active_support/cache/strategy/local_cache_middleware.rb:27:in `call'
actionpack (5.1.4) lib/action_dispatch/middleware/executor.rb:12:in `call'
actionpack (5.1.4) lib/action_dispatch/middleware/static.rb:125:in `call'
rack (2.0.3) lib/rack/sendfile.rb:111:in `call'
railties (5.1.4) lib/rails/engine.rb:522:in `call'
puma (3.11.2) lib/puma/configuration.rb:225:in `call'
puma (3.11.2) lib/puma/server.rb:624:in `handle_request'
puma (3.11.2) lib/puma/server.rb:438:in `process_client'
puma (3.11.2) lib/puma/server.rb:302:in `block in run'
puma (3.11.2) lib/puma/thread_pool.rb:120:in `block in spawn_thread'
Started GET "/" for 127.0.0.1 at 2018-02-07 01:38:53 -0600
Processing by HomeController#home as HTML
  Rendering home/home.html.erb within layouts/application
  Rendered home/home.html.erb within layouts/application (0.5ms)
Completed 200 OK in 387ms (Views: 297.6ms)


Started GET "/" for 127.0.0.1 at 2018-02-07 01:54:37 -0600
Processing by HomeController#home as HTML
  Rendering home/home.html.erb within layouts/application
  Rendered home/home.html.erb within layouts/application (0.8ms)
Completed 200 OK in 211ms (Views: 121.7ms)


Started GET "/" for 127.0.0.1 at 2018-02-07 02:03:41 -0600
Processing by HomeController#home as HTML
  Rendering home/home.html.erb within layouts/application
  Rendered home/home.html.erb within layouts/application (0.6ms)
Completed 200 OK in 212ms (Views: 121.8ms)


Started GET "/" for 127.0.0.1 at 2018-02-07 02:06:00 -0600
Processing by HomeController#home as HTML
  Rendering home/home.html.erb within layouts/application
  Rendered home/home.html.erb within layouts/application (0.6ms)
Completed 200 OK in 234ms (Views: 143.5ms)


Started GET "/" for 127.0.0.1 at 2018-02-07 02:06:10 -0600
Processing by HomeController#home as HTML
  Rendering home/home.html.erb within layouts/application
  Rendered home/home.html.erb within layouts/application (0.4ms)
Completed 200 OK in 12ms (Views: 11.2ms)


Started GET "/" for 127.0.0.1 at 2018-02-07 02:18:44 -0600
Processing by HomeController#home as HTML
  Rendering home/home.html.erb within layouts/application
  Rendered home/home.html.erb within layouts/application (0.7ms)
Completed 200 OK in 269ms (Views: 192.4ms)


Started GET "/" for 127.0.0.1 at 2018-02-07 02:18:55 -0600
Processing by HomeController#home as HTML
  Rendering home/home.html.erb within layouts/application
  Rendered home/home.html.erb within layouts/application (1.4ms)
Completed 200 OK in 18ms (Views: 16.8ms)


Started GET "/" for 127.0.0.1 at 2018-02-07 02:21:15 -0600
Processing by HomeController#home as HTML
  Rendering home/home.html.erb within layouts/application
  Rendered home/home.html.erb within layouts/application (0.8ms)
Completed 200 OK in 341ms (Views: 230.1ms)


Started GET "/" for 127.0.0.1 at 2018-02-07 02:22:51 -0600
Processing by HomeController#home as HTML
  Rendering home/home.html.erb within layouts/application
  Rendered home/home.html.erb within layouts/application (0.4ms)
Completed 200 OK in 12ms (Views: 10.8ms)


Started GET "/" for 127.0.0.1 at 2018-02-07 02:23:15 -0600
Processing by HomeController#home as HTML
  Rendering home/home.html.erb within layouts/application
  Rendered home/home.html.erb within layouts/application (0.9ms)
Completed 200 OK in 279ms (Views: 160.4ms)


Started GET "/" for 127.0.0.1 at 2018-02-07 02:23:36 -0600
Processing by HomeController#home as HTML
  Rendering home/home.html.erb within layouts/application
  Rendered home/home.html.erb within layouts/application (0.3ms)
Completed 200 OK in 11ms (Views: 9.4ms)


Started GET "/" for 127.0.0.1 at 2018-02-07 02:23:45 -0600
Processing by HomeController#home as HTML
  Rendering home/home.html.erb within layouts/application
  Rendered home/home.html.erb within layouts/application (0.5ms)
Completed 200 OK in 17ms (Views: 15.9ms)


Started GET "/" for 127.0.0.1 at 2018-02-07 02:24:50 -0600
Processing by HomeController#home as HTML
  Rendering home/home.html.erb within layouts/application
  Rendered home/home.html.erb within layouts/application (0.5ms)
Completed 200 OK in 18ms (Views: 16.4ms)


Started GET "/" for 127.0.0.1 at 2018-02-07 02:26:27 -0600
Processing by HomeController#home as HTML
  Rendering home/home.html.erb within layouts/application
  Rendered home/home.html.erb within layouts/application (1.0ms)
Completed 200 OK in 20ms (Views: 18.2ms)


Started GET "/" for 127.0.0.1 at 2018-02-07 02:27:08 -0600
Processing by HomeController#home as HTML
  Rendering home/home.html.erb within layouts/application
  Rendered home/home.html.erb within layouts/application (0.4ms)
Completed 200 OK in 27ms (Views: 25.5ms)


Started GET "/" for 127.0.0.1 at 2018-02-07 09:22:04 -0600
Processing by HomeController#home as HTML
  Rendering home/home.html.erb within layouts/application
  Rendered home/home.html.erb within layouts/application (0.6ms)
Completed 200 OK in 16ms (Views: 15.4ms)


Started GET "/" for 127.0.0.1 at 2018-02-07 09:22:27 -0600
Processing by HomeController#home as HTML
  Rendering home/home.html.erb within layouts/application
  Rendered home/home.html.erb within layouts/application (0.3ms)
Completed 200 OK in 18ms (Views: 17.0ms)


Started GET "/" for 127.0.0.1 at 2018-02-07 09:31:30 -0600
Processing by HomeController#home as HTML
  Rendering home/home.html.erb within layouts/application
  Rendered home/home.html.erb within layouts/application (0.3ms)
Completed 200 OK in 17ms (Views: 15.4ms)


Started GET "/" for 127.0.0.1 at 2018-02-07 09:44:33 -0600
Processing by HomeController#home as HTML
  Rendering home/home.html.erb within layouts/application
  Rendered home/home.html.erb within layouts/application (0.4ms)
Completed 200 OK in 10ms (Views: 8.9ms)


Started GET "/" for 127.0.0.1 at 2018-02-07 09:49:36 -0600
Processing by HomeController#home as HTML
  Rendering home/home.html.erb within layouts/application
  Rendered home/home.html.erb within layouts/application (0.5ms)
Completed 200 OK in 12ms (Views: 11.4ms)


Started GET "/%3Cimg" for 127.0.0.1 at 2018-02-07 09:49:36 -0600
  
ActionController::RoutingError (No route matches [GET] "/%3Cimg"):
  
actionpack (5.1.4) lib/action_dispatch/middleware/debug_exceptions.rb:63:in `call'
web-console (3.5.1) lib/web_console/middleware.rb:135:in `call_app'
web-console (3.5.1) lib/web_console/middleware.rb:28:in `block in call'
web-console (3.5.1) lib/web_console/middleware.rb:18:in `catch'
web-console (3.5.1) lib/web_console/middleware.rb:18:in `call'
actionpack (5.1.4) lib/action_dispatch/middleware/show_exceptions.rb:31:in `call'
railties (5.1.4) lib/rails/rack/logger.rb:36:in `call_app'
railties (5.1.4) lib/rails/rack/logger.rb:24:in `block in call'
activesupport (5.1.4) lib/active_support/tagged_logging.rb:69:in `block in tagged'
activesupport (5.1.4) lib/active_support/tagged_logging.rb:26:in `tagged'
activesupport (5.1.4) lib/active_support/tagged_logging.rb:69:in `tagged'
railties (5.1.4) lib/rails/rack/logger.rb:24:in `call'
sprockets-rails (3.2.1) lib/sprockets/rails/quiet_assets.rb:13:in `call'
actionpack (5.1.4) lib/action_dispatch/middleware/remote_ip.rb:79:in `call'
actionpack (5.1.4) lib/action_dispatch/middleware/request_id.rb:25:in `call'
rack (2.0.3) lib/rack/method_override.rb:22:in `call'
rack (2.0.3) lib/rack/runtime.rb:22:in `call'
activesupport (5.1.4) lib/active_support/cache/strategy/local_cache_middleware.rb:27:in `call'
actionpack (5.1.4) lib/action_dispatch/middleware/executor.rb:12:in `call'
actionpack (5.1.4) lib/action_dispatch/middleware/static.rb:125:in `call'
rack (2.0.3) lib/rack/sendfile.rb:111:in `call'
railties (5.1.4) lib/rails/engine.rb:522:in `call'
puma (3.11.2) lib/puma/configuration.rb:225:in `call'
puma (3.11.2) lib/puma/server.rb:624:in `handle_request'
puma (3.11.2) lib/puma/server.rb:438:in `process_client'
puma (3.11.2) lib/puma/server.rb:302:in `block in run'
puma (3.11.2) lib/puma/thread_pool.rb:120:in `block in spawn_thread'
Started GET "/" for 127.0.0.1 at 2018-02-07 09:52:49 -0600
Processing by HomeController#home as HTML
  Rendering home/home.html.erb within layouts/application
  Rendered home/home.html.erb within layouts/application (0.3ms)
Completed 200 OK in 10ms (Views: 8.9ms)


Started GET "/" for 127.0.0.1 at 2018-02-07 09:55:43 -0600
Processing by HomeController#home as HTML
  Rendering home/home.html.erb within layouts/application
  Rendered home/home.html.erb within layouts/application (0.8ms)
Completed 200 OK in 19ms (Views: 17.6ms)


Started GET "/" for 127.0.0.1 at 2018-02-07 09:57:52 -0600
Processing by HomeController#home as HTML
  Rendering home/home.html.erb within layouts/application
  Rendered home/home.html.erb within layouts/application (0.3ms)
Completed 200 OK in 12ms (Views: 11.0ms)


Started GET "/" for 127.0.0.1 at 2018-02-07 09:58:03 -0600
Processing by HomeController#home as HTML
  Rendering home/home.html.erb within layouts/application
  Rendered home/home.html.erb within layouts/application (0.5ms)
Completed 200 OK in 17ms (Views: 15.8ms)


Started GET "/" for 127.0.0.1 at 2018-02-07 09:58:06 -0600
Processing by HomeController#home as HTML
  Rendering home/home.html.erb within layouts/application
  Rendered home/home.html.erb within layouts/application (0.4ms)
Completed 200 OK in 14ms (Views: 13.0ms)


Started GET "/" for 127.0.0.1 at 2018-02-07 09:58:20 -0600
Processing by HomeController#home as HTML
  Rendering home/home.html.erb within layouts/application
  Rendered home/home.html.erb within layouts/application (0.5ms)
Completed 200 OK in 14ms (Views: 13.0ms)


Started GET "/" for 127.0.0.1 at 2018-02-07 09:58:32 -0600
Processing by HomeController#home as HTML
  Rendering home/home.html.erb within layouts/application
  Rendered home/home.html.erb within layouts/application (0.5ms)
Completed 200 OK in 18ms (Views: 15.0ms)


Started GET "/" for 127.0.0.1 at 2018-02-07 09:58:47 -0600
Processing by HomeController#home as HTML
  Rendering home/home.html.erb within layouts/application
  Rendered home/home.html.erb within layouts/application (0.8ms)
Completed 200 OK in 20ms (Views: 17.7ms)


Started GET "/" for 127.0.0.1 at 2018-02-07 09:59:28 -0600
Processing by HomeController#home as HTML
  Rendering home/home.html.erb within layouts/application
  Rendered home/home.html.erb within layouts/application (0.2ms)
Completed 200 OK in 10ms (Views: 9.2ms)


Started GET "/" for 127.0.0.1 at 2018-02-07 09:59:48 -0600
Processing by HomeController#home as HTML
  Rendering home/home.html.erb within layouts/application
  Rendered home/home.html.erb within layouts/application (0.2ms)
Completed 200 OK in 7ms (Views: 6.6ms)


Started GET "/" for 127.0.0.1 at 2018-02-07 10:08:20 -0600
Processing by HomeController#home as HTML
  Rendering home/home.html.erb within layouts/application
  Rendered home/home.html.erb within layouts/application (1.2ms)
Completed 200 OK in 34ms (Views: 32.0ms)


Started GET "/" for 127.0.0.1 at 2018-02-07 10:19:59 -0600
Processing by HomeController#home as HTML
  Rendering home/home.html.erb within layouts/application
  Rendered home/home.html.erb within layouts/application (0.4ms)
Completed 200 OK in 12ms (Views: 11.4ms)


Started GET "/" for 127.0.0.1 at 2018-02-07 10:26:15 -0600
Processing by HomeController#home as HTML
  Rendering home/home.html.erb within layouts/application
  Rendered home/home.html.erb within layouts/application (0.4ms)
Completed 200 OK in 11ms (Views: 9.6ms)


Started GET "/" for 127.0.0.1 at 2018-02-07 10:43:15 -0600
Processing by HomeController#home as HTML
  Rendering home/home.html.erb within layouts/application
  Rendered home/home.html.erb within layouts/application (0.6ms)
Completed 200 OK in 13ms (Views: 12.0ms)


Started GET "/" for 127.0.0.1 at 2018-02-07 10:46:34 -0600
Processing by HomeController#home as HTML
  Rendering home/home.html.erb within layouts/application
  Rendered home/home.html.erb within layouts/application (0.6ms)
Completed 200 OK in 14ms (Views: 12.4ms)


Started GET "/" for 127.0.0.1 at 2018-02-07 10:46:40 -0600
Processing by HomeController#home as HTML
  Rendering home/home.html.erb within layouts/application
  Rendered home/home.html.erb within layouts/application (0.6ms)
Completed 200 OK in 15ms (Views: 14.1ms)


Started GET "/" for 127.0.0.1 at 2018-02-07 10:46:43 -0600
Processing by HomeController#home as HTML
  Rendering home/home.html.erb within layouts/application
  Rendered home/home.html.erb within layouts/application (0.8ms)
Completed 200 OK in 20ms (Views: 18.9ms)


Started GET "/" for 127.0.0.1 at 2018-02-07 10:46:45 -0600
Processing by HomeController#home as HTML
  Rendering home/home.html.erb within layouts/application
  Rendered home/home.html.erb within layouts/application (1.0ms)
Completed 200 OK in 29ms (Views: 23.6ms)


Started GET "/" for 127.0.0.1 at 2018-02-07 10:53:49 -0600
Processing by HomeController#home as HTML
  Rendering home/home.html.erb within layouts/application
  Rendered home/home.html.erb within layouts/application (0.4ms)
Completed 200 OK in 9ms (Views: 8.5ms)


Started GET "/" for 127.0.0.1 at 2018-02-07 10:53:59 -0600
Processing by HomeController#home as HTML
  Rendering home/home.html.erb within layouts/application
  Rendered home/home.html.erb within layouts/application (0.6ms)
Completed 200 OK in 14ms (Views: 12.5ms)


Started GET "/" for 127.0.0.1 at 2018-02-07 10:54:27 -0600
Processing by HomeController#home as HTML
  Rendering home/home.html.erb within layouts/application
  Rendered home/home.html.erb within layouts/application (0.7ms)
Completed 200 OK in 15ms (Views: 13.8ms)


Started GET "/" for 127.0.0.1 at 2018-02-07 14:21:24 -0600
Processing by HomeController#home as HTML
  Rendering home/home.html.erb within layouts/application
  Rendered home/home.html.erb within layouts/application (0.4ms)
Completed 200 OK in 14ms (Views: 13.2ms)


Started GET "/" for 127.0.0.1 at 2018-02-07 14:21:41 -0600
Processing by HomeController#home as HTML
  Rendering home/home.html.erb within layouts/application
  Rendered home/home.html.erb within layouts/application (0.4ms)
Completed 200 OK in 13ms (Views: 12.5ms)


Started GET "/" for 127.0.0.1 at 2018-02-07 14:24:38 -0600
Processing by HomeController#home as HTML
  Rendering home/home.html.erb within layouts/application
  Rendered home/home.html.erb within layouts/application (0.8ms)
Completed 200 OK in 304ms (Views: 192.8ms)


Started GET "/" for 127.0.0.1 at 2018-02-07 16:00:31 -0600
Processing by HomeController#home as HTML
  Rendering home/home.html.erb within layouts/application
  Rendered home/home.html.erb within layouts/application (2.4ms)
Completed 200 OK in 627ms (Views: 424.0ms)


Started GET "/" for 127.0.0.1 at 2018-02-07 16:00:37 -0600
Processing by HomeController#home as HTML
  Rendering home/home.html.erb within layouts/application
  Rendered home/home.html.erb within layouts/application (0.8ms)
Completed 200 OK in 17ms (Views: 15.2ms)


Started GET "/" for 127.0.0.1 at 2018-02-07 16:01:07 -0600
Processing by HomeController#home as HTML
  Rendering home/home.html.erb within layouts/application
  Rendered home/home.html.erb within layouts/application (1.1ms)
Completed 200 OK in 26ms (Views: 23.8ms)


Started GET "/" for 127.0.0.1 at 2018-02-07 16:13:50 -0600
Processing by HomeController#home as HTML
  Rendering home/home.html.erb within layouts/application
  Rendered home/home.html.erb within layouts/application (0.6ms)
Completed 200 OK in 1735ms (Views: 1656.9ms)


Started GET "/" for 127.0.0.1 at 2018-02-07 16:18:10 -0600
Processing by HomeController#home as HTML
  Rendering home/home.html.erb within layouts/application
  Rendered home/home.html.erb within layouts/application (0.7ms)
Completed 200 OK in 19ms (Views: 16.9ms)


Started GET "/" for 127.0.0.1 at 2018-02-07 16:18:38 -0600
Processing by HomeController#home as HTML
  Rendering home/home.html.erb within layouts/application
  Rendered home/home.html.erb within layouts/application (1.2ms)
Completed 200 OK in 23ms (Views: 18.8ms)


Started GET "/" for 127.0.0.1 at 2018-02-07 16:23:19 -0600
Processing by HomeController#home as HTML
  Rendering home/home.html.erb within layouts/application
  Rendered home/home.html.erb within layouts/application (0.3ms)
Completed 200 OK in 3264ms (Views: 3263.9ms)


Started GET "/" for 127.0.0.1 at 2018-02-07 16:25:17 -0600
Processing by HomeController#home as HTML
  Rendering home/home.html.erb within layouts/application
  Rendered home/home.html.erb within layouts/application (0.3ms)
Completed 200 OK in 12ms (Views: 11.5ms)


Started GET "/" for 127.0.0.1 at 2018-02-07 16:25:22 -0600
Processing by HomeController#home as HTML
  Rendering home/home.html.erb within layouts/application
  Rendered home/home.html.erb within layouts/application (0.3ms)
Completed 200 OK in 15ms (Views: 14.0ms)


Started GET "/" for 127.0.0.1 at 2018-02-07 16:29:33 -0600
Processing by HomeController#home as HTML
  Rendering home/home.html.erb within layouts/application
  Rendered home/home.html.erb within layouts/application (0.4ms)
Completed 200 OK in 14ms (Views: 13.1ms)


Started GET "/" for 127.0.0.1 at 2018-02-07 16:29:39 -0600
Processing by HomeController#home as HTML
  Rendering home/home.html.erb within layouts/application
  Rendered home/home.html.erb within layouts/application (0.3ms)
Completed 200 OK in 13ms (Views: 12.5ms)


Started GET "/" for 127.0.0.1 at 2018-02-07 16:29:41 -0600
Processing by HomeController#home as HTML
  Rendering home/home.html.erb within layouts/application
  Rendered home/home.html.erb within layouts/application (1.0ms)
Completed 200 OK in 25ms (Views: 21.1ms)


Started GET "/" for 127.0.0.1 at 2018-02-07 16:29:48 -0600
Processing by HomeController#home as HTML
  Rendering home/home.html.erb within layouts/application
  Rendered home/home.html.erb within layouts/application (1.5ms)
Completed 200 OK in 31ms (Views: 28.8ms)


Started GET "/" for 127.0.0.1 at 2018-02-07 16:29:59 -0600
Processing by HomeController#home as HTML
  Rendering home/home.html.erb within layouts/application
  Rendered home/home.html.erb within layouts/application (1.3ms)
Completed 200 OK in 28ms (Views: 26.1ms)


Started GET "/" for 127.0.0.1 at 2018-02-07 16:30:05 -0600
Processing by HomeController#home as HTML
  Rendering home/home.html.erb within layouts/application
  Rendered home/home.html.erb within layouts/application (1.0ms)
Completed 200 OK in 30ms (Views: 27.5ms)


Started GET "/" for 127.0.0.1 at 2018-02-07 16:30:09 -0600
Processing by HomeController#home as HTML
  Rendering home/home.html.erb within layouts/application
  Rendered home/home.html.erb within layouts/application (0.4ms)
Completed 200 OK in 15ms (Views: 14.8ms)


Started GET "/" for 127.0.0.1 at 2018-02-07 16:35:47 -0600
Processing by HomeController#home as HTML
  Rendering home/home.html.erb within layouts/application
  Rendered home/home.html.erb within layouts/application (0.4ms)
Completed 200 OK in 1308ms (Views: 1307.3ms)


Started GET "/" for 127.0.0.1 at 2018-02-07 16:37:01 -0600
Processing by HomeController#home as HTML
  Rendering home/home.html.erb within layouts/application
  Rendered home/home.html.erb within layouts/application (0.3ms)
Completed 200 OK in 1471ms (Views: 1470.1ms)


Started GET "/" for 127.0.0.1 at 2018-02-07 16:40:12 -0600
Processing by HomeController#home as HTML
  Rendering home/home.html.erb within layouts/application
  Rendered home/home.html.erb within layouts/application (0.3ms)
Completed 200 OK in 1326ms (Views: 1324.9ms)


Started GET "/" for 127.0.0.1 at 2018-02-07 16:42:37 -0600
Processing by HomeController#home as HTML
  Rendering home/home.html.erb within layouts/application
  Rendered home/home.html.erb within layouts/application (0.5ms)
Completed 200 OK in 1337ms (Views: 1336.3ms)


Started GET "/" for 127.0.0.1 at 2018-02-07 16:42:53 -0600
Processing by HomeController#home as HTML
  Rendering home/home.html.erb within layouts/application
  Rendered home/home.html.erb within layouts/application (0.8ms)
Completed 200 OK in 22ms (Views: 19.9ms)


Started GET "/" for 127.0.0.1 at 2018-02-07 17:43:27 -0600
Processing by HomeController#home as HTML
  Rendering home/home.html.erb within layouts/application
  Rendered home/home.html.erb within layouts/application (0.6ms)
Completed 500 Internal Server Error in 679ms


  
ActionView::Template::Error (Invalid CSS after "[": expected "|", was "5:38 PM, 2/7/20..."):
    4:     <title>Tarea1</title>
    5:     <%= csrf_meta_tags %>
    6: 
    7:     <%= stylesheet_link_tag    'application', media: 'all', 'data-turbolinks-track': 'reload' %>
    8:     <%= javascript_include_tag 'application', 'data-turbolinks-track': 'reload' %>
    9:   </head>
   10: 
  
app/assets/stylesheets/application.css.scss:4
app/views/layouts/application.html.erb:7:in `_app_views_layouts_application_html_erb__1806729099662333798_35804020'
Started GET "/" for 127.0.0.1 at 2018-02-07 17:43:38 -0600
Processing by HomeController#home as HTML
  Rendering home/home.html.erb within layouts/application
  Rendered home/home.html.erb within layouts/application (1.4ms)
Completed 500 Internal Server Error in 373ms


  
ActionView::Template::Error (Invalid CSS after "": expected selector, was "<link href="//m..."):
    4:     <title>Tarea1</title>
    5:     <%= csrf_meta_tags %>
    6: 
    7:     <%= stylesheet_link_tag    'application', media: 'all', 'data-turbolinks-track': 'reload' %>
    8:     <%= javascript_include_tag 'application', 'data-turbolinks-track': 'reload' %>
    9:   </head>
   10: 
  
app/assets/stylesheets/application.css.scss:4
app/views/layouts/application.html.erb:7:in `_app_views_layouts_application_html_erb__1806729099662333798_70009577605980'
Started GET "/" for 127.0.0.1 at 2018-02-07 17:44:12 -0600
Processing by HomeController#home as HTML
  Rendering home/home.html.erb within layouts/application
  Rendered home/home.html.erb within layouts/application (0.7ms)
Completed 200 OK in 63ms (Views: 60.9ms)


Started GET "/" for 127.0.0.1 at 2018-02-07 17:52:33 -0600
Processing by HomeController#home as HTML
  Rendering home/home.html.erb within layouts/application
  Rendered home/home.html.erb within layouts/application (0.5ms)
Completed 200 OK in 21ms (Views: 20.4ms)


Started GET "/" for 127.0.0.1 at 2018-02-07 17:58:24 -0600
Processing by HomeController#home as HTML
Completed 500 Internal Server Error in 87ms


  
Gem::LoadError (Specified 'sqlite3' for database adapter, but the gem is not loaded. Add `gem 'sqlite3'` to your Gemfile (and ensure its version is at the minimum required by ActiveRecord).):
  
activerecord (5.1.4) lib/active_record/connection_adapters/connection_specification.rb:188:in `rescue in spec'
activerecord (5.1.4) lib/active_record/connection_adapters/connection_specification.rb:185:in `spec'
activerecord (5.1.4) lib/active_record/connection_adapters/abstract/connection_pool.rb:880:in `establish_connection'
activerecord (5.1.4) lib/active_record/connection_handling.rb:58:in `establish_connection'
activerecord (5.1.4) lib/active_record/railtie.rb:124:in `block (2 levels) in <class:Railtie>'
activesupport (5.1.4) lib/active_support/lazy_load_hooks.rb:69:in `instance_eval'
activesupport (5.1.4) lib/active_support/lazy_load_hooks.rb:69:in `block in execute_hook'
activesupport (5.1.4) lib/active_support/lazy_load_hooks.rb:60:in `with_execution_control'
activesupport (5.1.4) lib/active_support/lazy_load_hooks.rb:65:in `execute_hook'
activesupport (5.1.4) lib/active_support/lazy_load_hooks.rb:50:in `block in run_load_hooks'
activesupport (5.1.4) lib/active_support/lazy_load_hooks.rb:49:in `each'
activesupport (5.1.4) lib/active_support/lazy_load_hooks.rb:49:in `run_load_hooks'
activerecord (5.1.4) lib/active_record/base.rb:326:in `<module:ActiveRecord>'
activerecord (5.1.4) lib/active_record/base.rb:25:in `<top (required)>'
activesupport (5.1.4) lib/active_support/dependencies.rb:292:in `require'
activesupport (5.1.4) lib/active_support/dependencies.rb:292:in `block in require'
activesupport (5.1.4) lib/active_support/dependencies.rb:258:in `load_dependency'
activesupport (5.1.4) lib/active_support/dependencies.rb:292:in `require'
activerecord (5.1.4) lib/active_record/railties/controller_runtime.rb:26:in `cleanup_view_runtime'
actionpack (5.1.4) lib/action_controller/metal/instrumentation.rb:43:in `render'
actionpack (5.1.4) lib/action_controller/metal/implicit_render.rb:33:in `default_render'
actionpack (5.1.4) lib/action_controller/metal/basic_implicit_render.rb:4:in `send_action'
actionpack (5.1.4) lib/abstract_controller/base.rb:186:in `process_action'
actionpack (5.1.4) lib/action_controller/metal/rendering.rb:30:in `process_action'
actionpack (5.1.4) lib/abstract_controller/callbacks.rb:20:in `block in process_action'
activesupport (5.1.4) lib/active_support/callbacks.rb:131:in `run_callbacks'
actionpack (5.1.4) lib/abstract_controller/callbacks.rb:19:in `process_action'
actionpack (5.1.4) lib/action_controller/metal/rescue.rb:20:in `process_action'
actionpack (5.1.4) lib/action_controller/metal/instrumentation.rb:32:in `block in process_action'
activesupport (5.1.4) lib/active_support/notifications.rb:166:in `block in instrument'
activesupport (5.1.4) lib/active_support/notifications/instrumenter.rb:21:in `instrument'
activesupport (5.1.4) lib/active_support/notifications.rb:166:in `instrument'
actionpack (5.1.4) lib/action_controller/metal/instrumentation.rb:30:in `process_action'
actionpack (5.1.4) lib/action_controller/metal/params_wrapper.rb:252:in `process_action'
activerecord (5.1.4) lib/active_record/railties/controller_runtime.rb:22:in `process_action'
actionpack (5.1.4) lib/abstract_controller/base.rb:124:in `process'
actionview (5.1.4) lib/action_view/rendering.rb:30:in `process'
actionpack (5.1.4) lib/action_controller/metal.rb:189:in `dispatch'
actionpack (5.1.4) lib/action_controller/metal.rb:253:in `dispatch'
actionpack (5.1.4) lib/action_dispatch/routing/route_set.rb:49:in `dispatch'
actionpack (5.1.4) lib/action_dispatch/routing/route_set.rb:31:in `serve'
actionpack (5.1.4) lib/action_dispatch/journey/router.rb:50:in `block in serve'
actionpack (5.1.4) lib/action_dispatch/journey/router.rb:33:in `each'
actionpack (5.1.4) lib/action_dispatch/journey/router.rb:33:in `serve'
actionpack (5.1.4) lib/action_dispatch/routing/route_set.rb:834:in `call'
rack (2.0.3) lib/rack/etag.rb:25:in `call'
rack (2.0.3) lib/rack/conditional_get.rb:25:in `call'
rack (2.0.3) lib/rack/head.rb:12:in `call'
rack (2.0.3) lib/rack/session/abstract/id.rb:232:in `context'
rack (2.0.3) lib/rack/session/abstract/id.rb:226:in `call'
actionpack (5.1.4) lib/action_dispatch/middleware/cookies.rb:613:in `call'
activerecord (5.1.4) lib/active_record/migration.rb:556:in `call'
actionpack (5.1.4) lib/action_dispatch/middleware/callbacks.rb:26:in `block in call'
activesupport (5.1.4) lib/active_support/callbacks.rb:97:in `run_callbacks'
actionpack (5.1.4) lib/action_dispatch/middleware/callbacks.rb:24:in `call'
actionpack (5.1.4) lib/action_dispatch/middleware/executor.rb:12:in `call'
actionpack (5.1.4) lib/action_dispatch/middleware/debug_exceptions.rb:59:in `call'
web-console (3.5.1) lib/web_console/middleware.rb:135:in `call_app'
web-console (3.5.1) lib/web_console/middleware.rb:28:in `block in call'
web-console (3.5.1) lib/web_console/middleware.rb:18:in `catch'
web-console (3.5.1) lib/web_console/middleware.rb:18:in `call'
actionpack (5.1.4) lib/action_dispatch/middleware/show_exceptions.rb:31:in `call'
railties (5.1.4) lib/rails/rack/logger.rb:36:in `call_app'
railties (5.1.4) lib/rails/rack/logger.rb:24:in `block in call'
activesupport (5.1.4) lib/active_support/tagged_logging.rb:69:in `block in tagged'
activesupport (5.1.4) lib/active_support/tagged_logging.rb:26:in `tagged'
activesupport (5.1.4) lib/active_support/tagged_logging.rb:69:in `tagged'
railties (5.1.4) lib/rails/rack/logger.rb:24:in `call'
sprockets-rails (3.2.1) lib/sprockets/rails/quiet_assets.rb:13:in `call'
actionpack (5.1.4) lib/action_dispatch/middleware/remote_ip.rb:79:in `call'
actionpack (5.1.4) lib/action_dispatch/middleware/request_id.rb:25:in `call'
rack (2.0.3) lib/rack/method_override.rb:22:in `call'
rack (2.0.3) lib/rack/runtime.rb:22:in `call'
activesupport (5.1.4) lib/active_support/cache/strategy/local_cache_middleware.rb:27:in `call'
actionpack (5.1.4) lib/action_dispatch/middleware/executor.rb:12:in `call'
actionpack (5.1.4) lib/action_dispatch/middleware/static.rb:125:in `call'
rack (2.0.3) lib/rack/sendfile.rb:111:in `call'
railties (5.1.4) lib/rails/engine.rb:522:in `call'
puma (3.11.2) lib/puma/configuration.rb:225:in `call'
puma (3.11.2) lib/puma/server.rb:624:in `handle_request'
puma (3.11.2) lib/puma/server.rb:438:in `process_client'
puma (3.11.2) lib/puma/server.rb:302:in `block in run'
puma (3.11.2) lib/puma/thread_pool.rb:120:in `block in spawn_thread'
Started GET "/" for 127.0.0.1 at 2018-02-07 17:58:52 -0600
Processing by HomeController#home as HTML
  Rendering home/home.html.erb within layouts/application
  Rendered home/home.html.erb within layouts/application (0.6ms)
Completed 200 OK in 131ms (Views: 127.7ms)


Started GET "/" for 127.0.0.1 at 2018-02-07 18:00:36 -0600
Processing by HomeController#home as HTML
  Rendering home/home.html.erb within layouts/application
  Rendered home/home.html.erb within layouts/application (1.2ms)
Completed 200 OK in 36ms (Views: 34.1ms)


Started GET "/" for 127.0.0.1 at 2018-02-07 18:00:44 -0600
Processing by HomeController#home as HTML
  Rendering home/home.html.erb within layouts/application
  Rendered home/home.html.erb within layouts/application (0.7ms)
Completed 200 OK in 29ms (Views: 27.7ms)


Started GET "/" for 127.0.0.1 at 2018-02-07 18:19:06 -0600
Processing by HomeController#home as HTML
  Rendering home/home.html.erb within layouts/application
  Rendered home/home.html.erb within layouts/application (1.1ms)
Completed 200 OK in 383ms (Views: 265.4ms)


